<?xml version="1.0" encoding="UTF-8"?>
<!-- Generated by org.testng.reporters.JUnitReportReporter -->
<testsuite hostname="DESKTOP-F90IL16" failures="0" tests="4" name="com.proheath.testscripts.TC_001_DomainValues" time="25.520" errors="0" timestamp="2022-06-06T19:39:21 IST" skipped="0">
  <testcase classname="com.proheath.testscripts.TC_001_DomainValues" name="logintest" time="5.478"/>
  <system-out>
    <![CDATA[Pro Heath Login Execution Method Started
Pro Health Submit Button Clicked and Now Verifying Output
ProHealth Login Successful]]>
  </system-out>
  <testcase classname="com.proheath.testscripts.TC_001_DomainValues" name="postlogin" time="3.733"/>
  <system-out>
    <![CDATA[Selecting from DropDown
Selected]]>
  </system-out>
  <testcase classname="com.proheath.testscripts.TC_001_DomainValues" name="dashBoard" time="0.421"/>
  <system-out/>
  <testcase classname="com.proheath.testscripts.TC_001_DomainValues" name="securityanddomainvalue" time="15.888"/>
  <system-out/>
</testsuite> <!-- com.proheath.testscripts.TC_001_DomainValues -->
