<?xml version="1.0" encoding="UTF-8"?>
<!-- Generated by org.testng.reporters.JUnitReportReporter -->
<testsuite hostname="DESKTOP-F90IL16" failures="0" tests="4" name="com.proheath.testscripts.TC_LoginPage_001" time="25.873" errors="0" timestamp="2022-06-06T15:19:06 IST" skipped="0">
  <testcase classname="com.proheath.testscripts.TC_LoginPage_001" name="logintest" time="9.427"/>
  <system-out>
    <![CDATA[Pro Heath Login Execution Method Started
Pro Health Submit Button Clicked and Now Verifying Output
ProHealth Login Successful]]>
  </system-out>
  <testcase classname="com.proheath.testscripts.TC_LoginPage_001" name="postlogin" time="3.692"/>
  <system-out>
    <![CDATA[Selecting from DropDown
Selected]]>
  </system-out>
  <testcase classname="com.proheath.testscripts.TC_LoginPage_001" name="dashBoard" time="3.454"/>
  <system-out/>
  <testcase classname="com.proheath.testscripts.TC_LoginPage_001" name="securityanddomainvalue" time="9.300"/>
  <system-out/>
</testsuite> <!-- com.proheath.testscripts.TC_LoginPage_001 -->
